  Validating architecture
  Validating sources
  Copying sources remotely to 'lab.jtechgroup.co'
  Starting remote build
  Compiling sources:
  main.cpp
C:\Users\IT-STVG\source\repos\server_live\server_live\crypto.hpp(223,82): warning : conversion to ‘int’ from ‘std::__cxx11::basic_string<char>::size_type {aka long unsigned int}’ may alter its value [-Wconversion]
C:\Users\IT-STVG\source\repos\server_live\server_live\crypto.hpp(223,82): warning :                               key_size, reinterpret_cast<unsigned char *>(&key[0]));
C:\Users\IT-STVG\source\repos\server_live\server_live\crypto.hpp(223,82): warning :                                                                                   ^
C:\Users\IT-STVG\source\repos\server_live\server_live\crypto.hpp(223,82): warning : conversion to ‘int’ from ‘std::__cxx11::basic_string<char>::size_type {aka long unsigned int}’ may alter its value [-Wconversion]
C:\Users\IT-STVG\source\repos\server_live\server_live\main.cpp(106,77): warning : conversion to ‘int’ from ‘std::vector<unsigned char>::size_type {aka long unsigned int}’ may alter its value [-Wconversion]
C:\Users\IT-STVG\source\repos\server_live\server_live\main.cpp(106,77): warning :        obj_image.set("image", (char*)(temp_buffer.data()), temp_buffer.size());
C:\Users\IT-STVG\source\repos\server_live\server_live\main.cpp(106,77): warning :                                                                              ^
C:\Users\IT-STVG\source\repos\server_live\server_live\server_ws.hpp(294,13): warning : conversion to ‘std::basic_ostream<char>::char_type {aka char}’ from ‘long long unsigned int’ may alter its value [-Wconversion]
C:\Users\IT-STVG\source\repos\server_live\server_live\server_ws.hpp(294,13): warning :              header_stream->put((static_cast<unsigned long long>(length) >> (8 * c)) % 256);
C:\Users\IT-STVG\source\repos\server_live\server_live\server_ws.hpp(294,13): warning :              ^
C:\Users\IT-STVG\source\repos\server_live\server_live\server_ws.hpp(315,9): warning : conversion to ‘std::basic_ostream<char>::char_type {aka char}’ from ‘int’ may alter its value [-Wconversion]
C:\Users\IT-STVG\source\repos\server_live\server_live\server_ws.hpp(315,9): warning :          send_stream->put(status >> 8);
C:\Users\IT-STVG\source\repos\server_live\server_live\server_ws.hpp(315,9): warning :          ^
C:\Users\IT-STVG\source\repos\server_live\server_live\server_ws.hpp(316,9): warning : conversion to ‘std::basic_ostream<char>::char_type {aka char}’ from ‘int’ may alter its value [-Wconversion]
C:\Users\IT-STVG\source\repos\server_live\server_live\server_ws.hpp(316,9): warning :          send_stream->put(status % 256);
C:\Users\IT-STVG\source\repos\server_live\server_live\server_ws.hpp(316,9): warning :          ^
C:\Users\IT-STVG\source\repos\server_live\server_live\server_ws.hpp(690,24): warning : conversion to ‘std::basic_ostream<char>::char_type {aka char}’ from ‘std::basic_istream<char>::int_type {aka int}’ may alter its value [-Wconversion]
C:\Users\IT-STVG\source\repos\server_live\server_live\server_ws.hpp(690,24): warning :              ostream.put(istream.get() ^ mask[c % 4]);
C:\Users\IT-STVG\source\repos\server_live\server_live\server_ws.hpp(690,24): warning :                         ^
C:\Users\IT-STVG\source\repos\server_live\server_live\server_ws.hpp(699,50): warning : conversion to ‘unsigned char’ from ‘std::basic_istream<char>::int_type {aka int}’ may alter its value [-Wconversion]
C:\Users\IT-STVG\source\repos\server_live\server_live\server_ws.hpp(699,50): warning :                unsigned char byte1 = message->get();
C:\Users\IT-STVG\source\repos\server_live\server_live\server_ws.hpp(699,50): warning :                                                   ^
C:\Users\IT-STVG\source\repos\server_live\server_live\server_ws.hpp(700,50): warning : conversion to ‘unsigned char’ from ‘std::basic_istream<char>::int_type {aka int}’ may alter its value [-Wconversion]
C:\Users\IT-STVG\source\repos\server_live\server_live\server_ws.hpp(700,50): warning :                unsigned char byte2 = message->get();
C:\Users\IT-STVG\source\repos\server_live\server_live\server_ws.hpp(700,50): warning :                                                   ^
C:\Users\IT-STVG\source\repos\server_live\server_live\server_ws.hpp(715,13): warning : conversion to ‘unsigned char’ from ‘int’ may alter its value [-Wconversion]
C:\Users\IT-STVG\source\repos\server_live\server_live\server_ws.hpp(715,13): warning :              connection->send(empty_send_stream, nullptr, fin_rsv_opcode + 1);
C:\Users\IT-STVG\source\repos\server_live\server_live\server_ws.hpp(715,13): warning :              ^
C:\Users\IT-STVG\source\repos\server_live\server_live\main.cpp(15,13): warning : ‘flag_buffer_ready’ defined but not used [-Wunused-variable]
C:\Users\IT-STVG\source\repos\server_live\server_live\main.cpp(15,13): warning :  static bool flag_buffer_ready = true;
C:\Users\IT-STVG\source\repos\server_live\server_live\main.cpp(15,13): warning :              ^
  Linking objects
  server_live.vcxproj -> C:\Users\IT-STVG\source\repos\server_live\server_live\bin\x64\Release\server_live.out
